[debug] [2022-11-08T03:41:16.698Z] ----------------------------------------------------------------------
[debug] [2022-11-08T03:41:16.701Z] Command:       C:\Program Files\nodejs\node.exe C:\Users\cerqu\AppData\Roaming\npm\node_modules\firebase-tools\lib\bin\firebase.js init
[debug] [2022-11-08T03:41:16.701Z] CLI Version:   11.16.0
[debug] [2022-11-08T03:41:16.701Z] Platform:      win32
[debug] [2022-11-08T03:41:16.701Z] Node Version:  v18.12.1
[debug] [2022-11-08T03:41:16.706Z] Time:          Mon Nov 07 2022 22:41:16 GMT-0500 (hora estándar de Colombia)
[debug] [2022-11-08T03:41:16.707Z] ----------------------------------------------------------------------
[debug] 
[debug] [2022-11-08T03:41:16.714Z] > command requires scopes: ["email","openid","https://www.googleapis.com/auth/cloudplatformprojects.readonly","https://www.googleapis.com/auth/firebase","https://www.googleapis.com/auth/cloud-platform"]
[debug] [2022-11-08T03:41:16.715Z] > authorizing via signed-in user (cerqueralassodanielandres@gmail.com)
[info] 
     ######## #### ########  ######## ########     ###     ######  ########
     ##        ##  ##     ## ##       ##     ##  ##   ##  ##       ##
     ######    ##  ########  ######   ########  #########  ######  ######
     ##        ##  ##    ##  ##       ##     ## ##     ##       ## ##
     ##       #### ##     ## ######## ########  ##     ##  ######  ########

You're about to initialize a Firebase project in this directory:

  C:\repos\Despliegue

Before we get started, keep in mind:

  * You are currently outside your home directory

[info] 
=== Project Setup
[info] 
[info] First, let's associate this project directory with a Firebase project.
[info] You can create multiple project aliases by running firebase use --add, 
[info] but for now we'll just set up a default project.
[info] 
[info] i  If you want to create a project in a Google Cloud organization or folder, please use "firebase projects:create" instead, and return to this command when you've created the project. 
[debug] [2022-11-08T03:42:12.438Z] >>> [apiv2][query] POST https://cloudresourcemanager.googleapis.com/v1/projects [none]
[debug] [2022-11-08T03:42:12.439Z] >>> [apiv2][body] POST https://cloudresourcemanager.googleapis.com/v1/projects {"projectId":"deployment-git-actions","name":"deployment-git-actions"}
[debug] [2022-11-08T03:42:13.168Z] <<< [apiv2][status] POST https://cloudresourcemanager.googleapis.com/v1/projects 200
[debug] [2022-11-08T03:42:13.168Z] <<< [apiv2][body] POST https://cloudresourcemanager.googleapis.com/v1/projects {"name":"operations/cp.4729073375950367268"}
[debug] [2022-11-08T03:42:13.169Z] >>> [apiv2][query] GET https://cloudresourcemanager.googleapis.com/v1/operations/cp.4729073375950367268 [none]
[debug] [2022-11-08T03:42:13.720Z] <<< [apiv2][status] GET https://cloudresourcemanager.googleapis.com/v1/operations/cp.4729073375950367268 200
[debug] [2022-11-08T03:42:13.720Z] <<< [apiv2][body] GET https://cloudresourcemanager.googleapis.com/v1/operations/cp.4729073375950367268 {"name":"operations/cp.4729073375950367268"}
[debug] [2022-11-08T03:42:14.234Z] [Project Creation Poller] Retrying task index 0
[debug] [2022-11-08T03:42:14.237Z] >>> [apiv2][query] GET https://cloudresourcemanager.googleapis.com/v1/operations/cp.4729073375950367268 [none]
[debug] [2022-11-08T03:42:14.816Z] <<< [apiv2][status] GET https://cloudresourcemanager.googleapis.com/v1/operations/cp.4729073375950367268 200
[debug] [2022-11-08T03:42:14.816Z] <<< [apiv2][body] GET https://cloudresourcemanager.googleapis.com/v1/operations/cp.4729073375950367268 {"name":"operations/cp.4729073375950367268"}
[debug] [2022-11-08T03:42:15.829Z] [Project Creation Poller] Retrying task index 0
[debug] [2022-11-08T03:42:15.829Z] >>> [apiv2][query] GET https://cloudresourcemanager.googleapis.com/v1/operations/cp.4729073375950367268 [none]
[debug] [2022-11-08T03:42:16.465Z] <<< [apiv2][status] GET https://cloudresourcemanager.googleapis.com/v1/operations/cp.4729073375950367268 200
[debug] [2022-11-08T03:42:16.465Z] <<< [apiv2][body] GET https://cloudresourcemanager.googleapis.com/v1/operations/cp.4729073375950367268 {"name":"operations/cp.4729073375950367268","metadata":{"@type":"type.googleapis.com/google.cloudresourcemanager.v1.ProjectCreationStatus","gettable":true,"ready":true},"done":true,"response":{"@type":"type.googleapis.com/google.cloudresourcemanager.v1.Project","projectNumber":"15444020928","projectId":"deployment-git-actions","lifecycleState":"ACTIVE","name":"deployment-git-actions","createTime":"2022-11-08T03:42:14.041Z"}}
[debug] [2022-11-08T03:42:16.467Z] >>> [apiv2][query] POST https://firebase.googleapis.com/v1beta1/projects/deployment-git-actions:addFirebase [none]
[debug] [2022-11-08T03:42:18.683Z] <<< [apiv2][status] POST https://firebase.googleapis.com/v1beta1/projects/deployment-git-actions:addFirebase 200
[debug] [2022-11-08T03:42:18.683Z] <<< [apiv2][body] POST https://firebase.googleapis.com/v1beta1/projects/deployment-git-actions:addFirebase {"name":"operations/workflows/OTdkMWVmMWMtMWRmNi00ZDU3LWJmNmEtMDk3ZDgwNzI0ZTFh"}
[debug] [2022-11-08T03:42:18.683Z] >>> [apiv2][query] GET https://firebase.googleapis.com/v1beta1/operations/workflows/OTdkMWVmMWMtMWRmNi00ZDU3LWJmNmEtMDk3ZDgwNzI0ZTFh [none]
[debug] [2022-11-08T03:42:19.175Z] <<< [apiv2][status] GET https://firebase.googleapis.com/v1beta1/operations/workflows/OTdkMWVmMWMtMWRmNi00ZDU3LWJmNmEtMDk3ZDgwNzI0ZTFh 200
[debug] [2022-11-08T03:42:19.175Z] <<< [apiv2][body] GET https://firebase.googleapis.com/v1beta1/operations/workflows/OTdkMWVmMWMtMWRmNi00ZDU3LWJmNmEtMDk3ZDgwNzI0ZTFh {"name":"operations/workflows/OTdkMWVmMWMtMWRmNi00ZDU3LWJmNmEtMDk3ZDgwNzI0ZTFh"}
[debug] [2022-11-08T03:42:19.683Z] [Add Firebase Poller] Retrying task index 0
[debug] [2022-11-08T03:42:19.684Z] >>> [apiv2][query] GET https://firebase.googleapis.com/v1beta1/operations/workflows/OTdkMWVmMWMtMWRmNi00ZDU3LWJmNmEtMDk3ZDgwNzI0ZTFh [none]
[debug] [2022-11-08T03:42:20.176Z] <<< [apiv2][status] GET https://firebase.googleapis.com/v1beta1/operations/workflows/OTdkMWVmMWMtMWRmNi00ZDU3LWJmNmEtMDk3ZDgwNzI0ZTFh 200
[debug] [2022-11-08T03:42:20.176Z] <<< [apiv2][body] GET https://firebase.googleapis.com/v1beta1/operations/workflows/OTdkMWVmMWMtMWRmNi00ZDU3LWJmNmEtMDk3ZDgwNzI0ZTFh {"name":"operations/workflows/OTdkMWVmMWMtMWRmNi00ZDU3LWJmNmEtMDk3ZDgwNzI0ZTFh"}
[debug] [2022-11-08T03:42:21.184Z] [Add Firebase Poller] Retrying task index 0
[debug] [2022-11-08T03:42:21.185Z] >>> [apiv2][query] GET https://firebase.googleapis.com/v1beta1/operations/workflows/OTdkMWVmMWMtMWRmNi00ZDU3LWJmNmEtMDk3ZDgwNzI0ZTFh [none]
[debug] [2022-11-08T03:42:21.585Z] <<< [apiv2][status] GET https://firebase.googleapis.com/v1beta1/operations/workflows/OTdkMWVmMWMtMWRmNi00ZDU3LWJmNmEtMDk3ZDgwNzI0ZTFh 200
[debug] [2022-11-08T03:42:21.585Z] <<< [apiv2][body] GET https://firebase.googleapis.com/v1beta1/operations/workflows/OTdkMWVmMWMtMWRmNi00ZDU3LWJmNmEtMDk3ZDgwNzI0ZTFh {"name":"operations/workflows/OTdkMWVmMWMtMWRmNi00ZDU3LWJmNmEtMDk3ZDgwNzI0ZTFh"}
[debug] [2022-11-08T03:42:23.597Z] [Add Firebase Poller] Retrying task index 0
[debug] [2022-11-08T03:42:23.598Z] >>> [apiv2][query] GET https://firebase.googleapis.com/v1beta1/operations/workflows/OTdkMWVmMWMtMWRmNi00ZDU3LWJmNmEtMDk3ZDgwNzI0ZTFh [none]
[debug] [2022-11-08T03:42:24.977Z] <<< [apiv2][status] GET https://firebase.googleapis.com/v1beta1/operations/workflows/OTdkMWVmMWMtMWRmNi00ZDU3LWJmNmEtMDk3ZDgwNzI0ZTFh 200
[debug] [2022-11-08T03:42:24.977Z] <<< [apiv2][body] GET https://firebase.googleapis.com/v1beta1/operations/workflows/OTdkMWVmMWMtMWRmNi00ZDU3LWJmNmEtMDk3ZDgwNzI0ZTFh {"name":"operations/workflows/OTdkMWVmMWMtMWRmNi00ZDU3LWJmNmEtMDk3ZDgwNzI0ZTFh"}
[debug] [2022-11-08T03:42:28.988Z] [Add Firebase Poller] Retrying task index 0
[debug] [2022-11-08T03:42:28.989Z] >>> [apiv2][query] GET https://firebase.googleapis.com/v1beta1/operations/workflows/OTdkMWVmMWMtMWRmNi00ZDU3LWJmNmEtMDk3ZDgwNzI0ZTFh [none]
[debug] [2022-11-08T03:42:29.363Z] <<< [apiv2][status] GET https://firebase.googleapis.com/v1beta1/operations/workflows/OTdkMWVmMWMtMWRmNi00ZDU3LWJmNmEtMDk3ZDgwNzI0ZTFh 200
[debug] [2022-11-08T03:42:29.363Z] <<< [apiv2][body] GET https://firebase.googleapis.com/v1beta1/operations/workflows/OTdkMWVmMWMtMWRmNi00ZDU3LWJmNmEtMDk3ZDgwNzI0ZTFh {"name":"operations/workflows/OTdkMWVmMWMtMWRmNi00ZDU3LWJmNmEtMDk3ZDgwNzI0ZTFh","done":true,"response":{"@type":"type.googleapis.com/google.firebase.service.v1beta1.FirebaseProject","projectId":"deployment-git-actions","projectNumber":"15444020928","displayName":"deployment-git-actions","name":"projects/deployment-git-actions","resources":{"hostingSite":"deployment-git-actions"}}}
[info] 
[info] === Your Firebase project is ready! ===
[info] 
[info] Project information:
[info]    - Project ID: deployment-git-actions
[info]    - Project Name: deployment-git-actions
[info] 
[info] Firebase console is available at
[info] https://console.firebase.google.com/project/deployment-git-actions/overview
[info] i  Using project deployment-git-actions (deployment-git-actions) 
[info] 
=== Hosting Setup
[info] 
[info] Your public directory is the folder (relative to your project directory) that
[info] will contain Hosting assets to be uploaded with firebase deploy. If you
[info] have a build process for your assets, use your build's output directory.
[info] 
[info] +  Wrote .//404.html 
[debug] [2022-11-08T03:43:02.373Z] >>> [apiv2][query] GET https://www.gstatic.com/firebasejs/releases.json [none]
[debug] [2022-11-08T03:43:02.519Z] <<< [apiv2][status] GET https://www.gstatic.com/firebasejs/releases.json 200
[debug] [2022-11-08T03:43:02.519Z] <<< [apiv2][body] GET https://www.gstatic.com/firebasejs/releases.json {"current":{"version":"9.13.0","browserURL":"https://www.gstatic.com/firebasejs/9.13.0/firebase.js","packageURL":"https://www.gstatic.com/firebasejs/9.13.0/firebase.tgz"},"live":{"version":"9.13","browserURL":"https://www.gstatic.com/firebasejs/live/9.13/firebase.js","packageURL":"https://www.gstatic.com/firebasejs/live/9.13/firebase.tgz"},"components":{"analytics":"https://www.gstatic.com/firebasejs/9.13.0/firebase-analytics.js","app":"https://www.gstatic.com/firebasejs/9.13.0/firebase-app.js","app-check":"https://www.gstatic.com/firebasejs/9.13.0/firebase-app-check.js","auth":"https://www.gstatic.com/firebasejs/9.13.0/firebase-auth.js","auth/cordova":"https://www.gstatic.com/firebasejs/9.13.0/firebase-auth/cordova.js","auth/react-native":"https://www.gstatic.com/firebasejs/9.13.0/firebase-auth/react-native.js","functions":"https://www.gstatic.com/firebasejs/9.13.0/firebase-functions.js","firestore":"https://www.gstatic.com/firebasejs/9.13.0/firebase-firestore.js","firestore/lite":"https://www.gstatic.com/firebasejs/9.13.0/firebase-firestore/lite.js","installations":"https://www.gstatic.com/firebasejs/9.13.0/firebase-installations.js","storage":"https://www.gstatic.com/firebasejs/9.13.0/firebase-storage.js","performance":"https://www.gstatic.com/firebasejs/9.13.0/firebase-performance.js","remote-config":"https://www.gstatic.com/firebasejs/9.13.0/firebase-remote-config.js","messaging":"https://www.gstatic.com/firebasejs/9.13.0/firebase-messaging.js","messaging/sw":"https://www.gstatic.com/firebasejs/9.13.0/firebase-messaging/sw.js","database":"https://www.gstatic.com/firebasejs/9.13.0/firebase-database.js","firestore.memory":"https://www.gstatic.com/firebasejs/9.13.0/firebase-firestore.memory.js"}}
[info] +  Wrote .//index.html 
[info] 
[info] i  Didn't detect a .git folder. Assuming C:\repos\Despliegue is the project root. 
[info] i  Authorizing with GitHub to upload your service account to a GitHub repository's secrets store. 
[info] 
[info] Visit this URL on this device to log in:
[info] https://github.com/login/oauth/authorize?client_id=89cf50f02ac6aaed3484&state=994070337&redirect_uri=http%3A%2F%2Flocalhost%3A9005&scope=read%3Auser%20repo%20public_repo
[info] 
[info] Waiting for authentication...
[debug] [2022-11-08T03:43:23.047Z] >>> [apiv2][query] POST https://github.com/login/oauth/access_token [none]
[debug] [2022-11-08T03:43:23.048Z] >>> [apiv2][body] POST https://github.com/login/oauth/access_token [stream]
[debug] [2022-11-08T03:43:23.525Z] <<< [apiv2][status] POST https://github.com/login/oauth/access_token 200
[debug] [2022-11-08T03:43:23.525Z] <<< [apiv2][body] POST https://github.com/login/oauth/access_token {"access_token":"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","token_type":"bearer","scope":"read:user,repo"}
[debug] [2022-11-08T03:43:23.538Z] >>> [apiv2][query] GET https://api.github.com/user [none]
[debug] [2022-11-08T03:43:24.408Z] <<< [apiv2][status] GET https://api.github.com/user 200
[debug] [2022-11-08T03:43:24.408Z] <<< [apiv2][body] GET https://api.github.com/user {"login":"DanielCerquera","id":49424431,"node_id":"MDQ6VXNlcjQ5NDI0NDMx","avatar_url":"https://avatars.githubusercontent.com/u/49424431?v=4","gravatar_id":"","url":"https://api.github.com/users/DanielCerquera","html_url":"https://github.com/DanielCerquera","followers_url":"https://api.github.com/users/DanielCerquera/followers","following_url":"https://api.github.com/users/DanielCerquera/following{/other_user}","gists_url":"https://api.github.com/users/DanielCerquera/gists{/gist_id}","starred_url":"https://api.github.com/users/DanielCerquera/starred{/owner}{/repo}","subscriptions_url":"https://api.github.com/users/DanielCerquera/subscriptions","organizations_url":"https://api.github.com/users/DanielCerquera/orgs","repos_url":"https://api.github.com/users/DanielCerquera/repos","events_url":"https://api.github.com/users/DanielCerquera/events{/privacy}","received_events_url":"https://api.github.com/users/DanielCerquera/received_events","type":"User","site_admin":false,"name":null,"company":null,"blog":"","location":null,"email":null,"hireable":null,"bio":null,"twitter_username":null,"public_repos":11,"public_gists":0,"followers":0,"following":0,"created_at":"2019-04-09T03:25:06Z","updated_at":"2022-11-08T03:20:58Z","private_gists":0,"total_private_repos":3,"owned_private_repos":3,"disk_usage":154892,"collaborators":0,"two_factor_authentication":false,"plan":{"name":"free","space":976562499,"collaborators":0,"private_repos":10000}}
[info] 
[info] +  Success! Logged into GitHub as DanielCerquera 
[info] 
